Start testing: Sep 15 23:37 Romance Daylight Time
----------------------------------------------------------
1/4 Testing: test_adjoint
1/4 Test: test_adjoint
Command: "C:/Users/zhens/OneDrive/Desktop/ML Scratch/build/tests/test_adjoint.exe"
Directory: C:/Users/zhens/OneDrive/Desktop/ML Scratch/build/tests
"test_adjoint" start time: Sep 15 23:37 Romance Daylight Time
Output:
----------------------------------------------------------
test1 passed
test2 passed
test3 passed
test4 passed
test5 passed
test6 passed (AD vs finite difference)
test7 passed
test8 passed
all tests passed
<end of output>
Test time =   0.29 sec
----------------------------------------------------------
Test Passed.
"test_adjoint" end time: Sep 15 23:37 Romance Daylight Time
"test_adjoint" time elapsed: 00:00:00
----------------------------------------------------------

2/4 Testing: test_black_scholes
2/4 Test: test_black_scholes
Command: "C:/Users/zhens/OneDrive/Desktop/ML Scratch/build/tests/test_black_scholes.exe"
Directory: C:/Users/zhens/OneDrive/Desktop/ML Scratch/build/tests
"test_black_scholes" start time: Sep 15 23:37 Romance Daylight Time
Output:
----------------------------------------------------------
Black-Scholes first order derivatives test passed
Black-Scholes second order derivatives test passed
Black-Scholes Gamma calculation via nested AD passed
Black-Scholes Vanna calculation via nested AD passed
Black-Scholes Charm calculation via nested AD passed
<end of output>
Test time =   0.18 sec
----------------------------------------------------------
Test Passed.
"test_black_scholes" end time: Sep 15 23:37 Romance Daylight Time
"test_black_scholes" time elapsed: 00:00:00
----------------------------------------------------------

3/4 Testing: test_tangent
3/4 Test: test_tangent
Command: "C:/Users/zhens/OneDrive/Desktop/ML Scratch/build/tests/test_tangent.exe"
Directory: C:/Users/zhens/OneDrive/Desktop/ML Scratch/build/tests
"test_tangent" start time: Sep 15 23:37 Romance Daylight Time
Output:
----------------------------------------------------------
test1 passed
test2 passed
test3 passed
test4 passed
test5 passed
<end of output>
Test time =   0.25 sec
----------------------------------------------------------
Test Passed.
"test_tangent" end time: Sep 15 23:37 Romance Daylight Time
"test_tangent" time elapsed: 00:00:00
----------------------------------------------------------

4/4 Testing: test_nested
4/4 Test: test_nested
Command: "C:/Users/zhens/OneDrive/Desktop/ML Scratch/build/tests/test_nested.exe"
Directory: C:/Users/zhens/OneDrive/Desktop/ML Scratch/build/tests
"test_nested" start time: Sep 15 23:37 Romance Daylight Time
Output:
----------------------------------------------------------
test1 passed
test2 passed
test3 passed
<end of output>
Test time =   0.23 sec
----------------------------------------------------------
Test Passed.
"test_nested" end time: Sep 15 23:37 Romance Daylight Time
"test_nested" time elapsed: 00:00:00
----------------------------------------------------------

End testing: Sep 15 23:37 Romance Daylight Time
